
SQL*Loader: Release 10.2.0.1.0 - Production on Mon Nov 30 05:41:03 2009

Copyright (c) 1982, 2005, Oracle.  All rights reserved.

Control File:   sql_load_insert_QUALIFICATION.ctl
Data File:      sql_load_insert_QUALIFICATION.dat
  Bad File:     sql_load_insert_QUALIFICATION.bad
  Discard File:  none specified
 
 (Allow all discards)

Number to load: ALL
Number to skip: 0
Errors allowed: 50
Bind array:     64 rows, maximum of 256000 bytes
Continuation:    none specified
Path used:      Conventional

Table QUALIFICATION, loaded from every logical record.
Insert option in effect for this table: REPLACE

   Column Name                  Position   Len  Term Encl Datatype
------------------------------ ---------- ----- ---- ---- ---------------------
Q_STAFF_ID                          FIRST     *   |       CHARACTER            
QTYPE                                NEXT     *   |       CHARACTER            
QINSTITUTION                         NEXT     *   |       CHARACTER            
QDATE                                NEXT     *   |       CHARACTER            


Table QUALIFICATION:
  156 Rows successfully loaded.
  0 Rows not loaded due to data errors.
  0 Rows not loaded because all WHEN clauses were failed.
  0 Rows not loaded because all fields were null.


Space allocated for bind array:                  66048 bytes(64 rows)
Read   buffer bytes: 1048576

Total logical records skipped:          0
Total logical records read:           156
Total logical records rejected:         0
Total logical records discarded:        0

Run began on Mon Nov 30 05:41:03 2009
Run ended on Mon Nov 30 05:41:14 2009

Elapsed time was:     00:00:11.06
CPU time was:         00:00:00.01
